<html xmlns:math="http://exslt.org/math" xmlns:testng="http://testng.org">
   <head>
      <title>TestNG Results</title>
      <meta http-equiv="content-type" content="text/html; charset=utf-8"></meta>
      <meta http-equiv="pragma" content="no-cache"></meta>
      <meta http-equiv="cache-control" content="max-age=0"></meta>
      <meta http-equiv="cache-control" content="no-cache"></meta>
      <meta http-equiv="cache-control" content="no-store"></meta>
      <LINK rel="stylesheet" href="style.css"></LINK>
      <script type="text/javascript" src="main.js"></script>
   </head>
   <body>
      <table width="100%" style="font-size: 16px; margin-bottom: 10px;" cellspacing="1">
         <tr>
            <td width="100%">
               Test case
               
               <b>OrangeHRM on Firefox</b>
            </td>
            <td style="background-color: #FFBBBB; padding: 3px 3px 3px 0;" align="center">
               <div style="width: 50px;">1</div>
            </td>
            <td style="background-color: lightgreen; padding: 3px 3px 3px 0;" align="center">
               <div style="width: 50px;">3</div>
            </td>
            <td style="background-color: #FFFFBB; padding: 3px 3px 3px 0;" align="center">
               <div style="width: 50px;">1</div>
            </td>
            <td align="center" style="background-color: #eaf0f7; padding: 3px 3px 3px 0;">
               <div style="width: 50px;">5</div>
            </td>
            <td align="center"
                style="font-weight: bold; background-color: #eaf0f7; padding: 3px 3px 3px 0;">
               <div style="width: 50px;">60%</div>
            </td>
            <td style="background-color: #eaf0f7; padding: 3px 3px 3px 0;" align="center"
                nowrap="true">1m
               39s
               
            </td>
         </tr>
      </table>
      <div style="width: 200px;">
         <label for="groupMethodsCheckBox" style="font-weight: bold; margin: 0;">
            <input id="groupMethodsCheckBox" type="checkbox" onclick="switchTestMethodsView(this)"></input>
            Group by class
            
         </label>
         <br></br>
         <label for="methodsFilter_ALL" style="font-weight: bold; margin: 0;">
            <input id="methodsFilter_ALL" type="checkbox"
                   onclick="testMethodsFilterChanged(this, 'ALL')"></input>
            All
            
         </label>
      </div>
      <label for="methodsFilter_FAIL" style="margin-left: 20px;">
         <input id="methodsFilter_FAIL" type="checkbox"
                onclick="testMethodsFilterChanged(this, 'FAIL')"
                checked=""></input>
         Failed
         
      </label>
      <label for="methodsFilter_PASS">
         <input id="methodsFilter_PASS" type="checkbox"
                onclick="testMethodsFilterChanged(this, 'PASS')"
                checked=""></input>
         Passed
         
      </label>
      <label for="methodsFilter_SKIP">
         <input id="methodsFilter_SKIP" type="checkbox"
                onclick="testMethodsFilterChanged(this, 'SKIP')"
                checked=""></input>
         Skipped
         
      </label>
      <label for="methodsFilter_CONF">
         <input id="methodsFilter_CONF" type="checkbox"
                onclick="testMethodsFilterChanged(this, 'CONF')"></input>
         Config
         
      </label>
      <br></br>
      <div id="testMethodsByStatus">
         <table class="testMethodsTable" cellpadding="0" cellspacing="0">
            <tr class="methodsTableHeader">
               <td width="100%">Name</td>
               <td nowrap="true">Started</td>
               <td nowrap="true">Duration</td>
               <td>Exception</td>
            </tr>
            <tr id="com.orangehrm.testsuite.Failure_failTest_byStatus_failed_FAIL1_row"
                class="testMethodStatusFAIL">
               <td width="100%" class="firstMethodCell">
                  <a onclick="toggleDetailsVisibility('com.orangehrm.testsuite.Failure_failTest_byStatus_failed_FAIL1_details')">failTest()</a>
               </td>
               <td nowrap="true">06:21:38</td>
               <td nowrap="true" align="right">505 ms
                  
               </td>
               <td nowrap="true">
                  <a onclick="toggleDetailsVisibility('com.orangehrm.testsuite.Failure_failTest_byStatus_failed_FAIL1_exception')">org.openqa.selenium.NoSuchElementException: 
                     Unable to locate element: {"method":"id","selector":"ABC"}
                     For documentation on this error, please visit: http://seleniumhq.org/exceptions/no_such_element.html
                     Build info: version: '2.47.1', revision: '411b314', time: '2015-07-30 03:03:16'
                     System info: host: 'sys', ip: '192.168.1.7', os.name: 'Windows 7', os.arch: 'amd64', os.version: '6.1', java.version: '1.7.0_55'
                     Driver info: driver.version: unknown
                     Command duration or timeout: 503 milliseconds
                     For documentation on this error, please visit: http://seleniumhq.org/exceptions/no_such_element.html
                     Build info: version: '2.47.1', revision: '411b314', time: '2015-07-30 03:03:16'
                     System info: host: 'sys', ip: '192.168.1.7', os.name: 'Windows 7', os.arch: 'amd64', os.version: '6.1', java.version: '1.7.0_55'
                     *** Element info: {Using=id, value=ABC}
                     Session ID: 9eb5593c-bc06-453f-a342-52c2c928319f
                     Driver info: org.openqa.selenium.remote.RemoteWebDriver
                     Capabilities [{platform=WINDOWS, javascriptEnabled=true, acceptSslCerts=true, browserName=firefox, rotatable=false, locationContextEnabled=true,
                     webdriver.remote.sessionid=9eb5593c-bc06-453f-a342-52c2c928319f, version=35.0.1, databaseEnabled=true, cssSelectorsEnabled=true,
                     handlesAlerts=true, webStorageEnabled=true, nativeEvents=false, applicationCacheEnabled=true, takesScreenshot=true}]
                     
                  </a>
                   
                  
               </td>
            </tr>
            <tr>
               <td colspan="4" class="detailsBox">
                  <div id="com.orangehrm.testsuite.Failure_failTest_byStatus_failed_FAIL1_details"
                       class="testMethodDetails">
                     <div>
                        <b>Name: </b>failTest
                     </div>
                     <div>
                        <b>Signature: </b>failTest()[pri:0, instance:com.orangehrm.testsuite.Failure@4563f0da]
                     </div>
                     <div>
                        <b>Start time: </b>06:21:38
                     </div>
                     <div>
                        <b>End time: </b>06:21:39
                     </div>
                     <div>
                        <b>Duration: </b>505 ms
                        
                     </div>
                  </div>
               </td>
            </tr>
            <tr>
               <td colspan="4" class="detailsBox">
                  <div id="com.orangehrm.testsuite.Failure_failTest_byStatus_failed_FAIL1_exception"
                       class="testMethodDetails">
                     <pre style="padding: 5px; margin: 0;">org.openqa.selenium.NoSuchElementException: Unable to locate element: {"method":"id","selector":"ABC"}
                        For documentation on this error, please visit: http://seleniumhq.org/exceptions/no_such_element.html
                        Build info: version: '2.47.1', revision: '411b314', time: '2015-07-30 03:03:16'
                        System info: host: 'sys', ip: '192.168.1.7', os.name: 'Windows 7', os.arch: 'amd64', os.version: '6.1', java.version: '1.7.0_55'
                        Driver info: driver.version: unknown
                        Command duration or timeout: 503 milliseconds
                        For documentation on this error, please visit: http://seleniumhq.org/exceptions/no_such_element.html
                        Build info: version: '2.47.1', revision: '411b314', time: '2015-07-30 03:03:16'
                        System info: host: 'sys', ip: '192.168.1.7', os.name: 'Windows 7', os.arch: 'amd64', os.version: '6.1', java.version: '1.7.0_55'
                        *** Element info: {Using=id, value=ABC}
                        Session ID: 9eb5593c-bc06-453f-a342-52c2c928319f
                        Driver info: org.openqa.selenium.remote.RemoteWebDriver
                        Capabilities [{platform=WINDOWS, javascriptEnabled=true, acceptSslCerts=true, browserName=firefox, rotatable=false, locationContextEnabled=true,
                        webdriver.remote.sessionid=9eb5593c-bc06-453f-a342-52c2c928319f, version=35.0.1, databaseEnabled=true, cssSelectorsEnabled=true,
                        handlesAlerts=true, webStorageEnabled=true, nativeEvents=false, applicationCacheEnabled=true, takesScreenshot=true}]
                        	at sun.reflect.NativeConstructorAccessorImpl.newInstance0(Native Method)
                        	at sun.reflect.NativeConstructorAccessorImpl.newInstance(Unknown Source)
                        	at sun.reflect.DelegatingConstructorAccessorImpl.newInstance(Unknown Source)
                        	at java.lang.reflect.Constructor.newInstance(Unknown Source)
                        	at org.openqa.selenium.remote.ErrorHandler.createThrowable(ErrorHandler.java:206)
                        	at org.openqa.selenium.remote.ErrorHandler.throwIfResponseFailed(ErrorHandler.java:158)
                        	at org.openqa.selenium.remote.RemoteWebDriver.execute(RemoteWebDriver.java:595)
                        	at org.openqa.selenium.remote.RemoteWebDriver.findElement(RemoteWebDriver.java:348)
                        	at org.openqa.selenium.remote.RemoteWebDriver.findElementById(RemoteWebDriver.java:389)
                        	at org.openqa.selenium.By$ById.findElement(By.java:215)
                        	at org.openqa.selenium.remote.RemoteWebDriver.findElement(RemoteWebDriver.java:340)
                        	at com.orangehrm.testsuite.Failure.failTest(Failure.java:10)
                        	at sun.reflect.NativeMethodAccessorImpl.invoke0(Native Method)
                        	at sun.reflect.NativeMethodAccessorImpl.invoke(Unknown Source)
                        	at sun.reflect.DelegatingMethodAccessorImpl.invoke(Unknown Source)
                        	at java.lang.reflect.Method.invoke(Unknown Source)
                        	at org.testng.internal.MethodInvocationHelper.invokeMethod(MethodInvocationHelper.java:84)
                        	at org.testng.internal.Invoker.invokeMethod(Invoker.java:714)
                        	at org.testng.internal.Invoker.invokeTestMethod(Invoker.java:901)
                        	at org.testng.internal.Invoker.invokeTestMethods(Invoker.java:1231)
                        	at org.testng.internal.TestMethodWorker.invokeTestMethods(TestMethodWorker.java:127)
                        	at org.testng.internal.TestMethodWorker.run(TestMethodWorker.java:111)
                        	at org.testng.TestRunner.privateRun(TestRunner.java:767)
                        	at org.testng.TestRunner.run(TestRunner.java:617)
                        	at org.testng.SuiteRunner.runTest(SuiteRunner.java:334)
                        	at org.testng.SuiteRunner.access$000(SuiteRunner.java:37)
                        	at org.testng.SuiteRunner$SuiteWorker.run(SuiteRunner.java:368)
                        	at org.testng.internal.thread.ThreadUtil$2.call(ThreadUtil.java:64)
                        	at java.util.concurrent.FutureTask.run(Unknown Source)
                        	at java.util.concurrent.ThreadPoolExecutor.runWorker(Unknown Source)
                        	at java.util.concurrent.ThreadPoolExecutor$Worker.run(Unknown Source)
                        	at java.lang.Thread.run(Unknown Source)
                        Caused by: org.openqa.selenium.remote.ScreenshotException: Screen shot has been taken
                        Build info: version: '2.47.1', revision: '411b314', time: '2015-07-30 03:03:16'
                        System info: host: 'sys', ip: '192.168.1.7', os.name: 'Windows 7', os.arch: 'amd64', os.version: '6.1', java.version: '1.7.0_55'
                        Driver info: driver.version: RemoteWebDriver
                        	at org.openqa.selenium.remote.ErrorHandler.throwIfResponseFailed(ErrorHandler.java:138)
                        	... 26 more
                        Caused by: org.openqa.selenium.NoSuchElementException: Unable to locate element: {"method":"id","selector":"ABC"}
                        For documentation on this error, please visit: http://seleniumhq.org/exceptions/no_such_element.html
                        Build info: version: '2.47.1', revision: '411b314', time: '2015-07-30 03:03:16'
                        System info: host: 'sys', ip: '192.168.1.7', os.name: 'Windows 7', os.arch: 'amd64', os.version: '6.1', java.version: '1.7.0_55'
                        Driver info: driver.version: unknown
                        For documentation on this error, please visit: http://seleniumhq.org/exceptions/no_such_element.html
                        Build info: version: '2.47.1', revision: '411b314', time: '2015-07-30 03:03:16'
                        System info: host: 'sys', ip: '192.168.1.7', os.name: 'Windows 7', os.arch: 'amd64', os.version: '6.1', java.version: '1.7.0_55'
                        Driver info: driver.version: unknown
                        	at &lt;anonymous class&gt;.FirefoxDriver.prototype.findElementInternal_(file:///C:/Users/sai/AppData/Local/Temp/anonymous7834253253265129188webdriver-profile/extensions/fxdriver@googlecode.com/components/driver-component.js:10667)
                        	at &lt;anonymous class&gt;.FirefoxDriver.prototype.findElement(file:///C:/Users/sai/AppData/Local/Temp/anonymous7834253253265129188webdriver-profile/extensions/fxdriver@googlecode.com/components/driver-component.js:10676)
                        	at &lt;anonymous class&gt;.DelayedCommand.prototype.executeInternal_/h(file:///C:/Users/sai/AppData/Local/Temp/anonymous7834253253265129188webdriver-profile/extensions/fxdriver@googlecode.com/components/command-processor.js:12643)
                        	at &lt;anonymous class&gt;.DelayedCommand.prototype.executeInternal_(file:///C:/Users/sai/AppData/Local/Temp/anonymous7834253253265129188webdriver-profile/extensions/fxdriver@googlecode.com/components/command-processor.js:12648)
                        	at &lt;anonymous class&gt;.DelayedCommand.prototype.execute/&lt;(file:///C:/Users/sai/AppData/Local/Temp/anonymous7834253253265129188webdriver-profile/extensions/fxdriver@googlecode.com/components/command-processor.js:12590)
                     </pre>
                  </div>
               </td>
            </tr>
            <tr id="com.orangehrm.testsuite.Logout_logoutTest_byStatus_passed_PASS1_row"
                class="testMethodStatusPASS">
               <td width="100%" class="firstMethodCell">
                  <a onclick="toggleDetailsVisibility('com.orangehrm.testsuite.Logout_logoutTest_byStatus_passed_PASS1_details')">logoutTest()</a>
               </td>
               <td nowrap="true">06:21:39</td>
               <td nowrap="true" align="right">858 ms
                  
               </td>
               <td nowrap="true">
                   
                  
               </td>
            </tr>
            <tr>
               <td colspan="4" class="detailsBox">
                  <div id="com.orangehrm.testsuite.Logout_logoutTest_byStatus_passed_PASS1_details"
                       class="testMethodDetails">
                     <div>
                        <b>Name: </b>logoutTest
                     </div>
                     <div>
                        <b>Signature: </b>logoutTest()[pri:0, instance:com.orangehrm.testsuite.Logout@24599bcd]
                     </div>
                     <div>
                        <b>Start time: </b>06:21:39
                     </div>
                     <div>
                        <b>End time: </b>06:21:39
                     </div>
                     <div>
                        <b>Duration: </b>858 ms
                        
                     </div>
                  </div>
               </td>
            </tr>
            <tr></tr>
            <tr id="com.orangehrm.testsuite.AddEmployee_addEmployeeTest_byStatus_passed_PASS2_row"
                class="testMethodStatusPASS">
               <td width="100%" class="firstMethodCell">
                  <a onclick="toggleDetailsVisibility('com.orangehrm.testsuite.AddEmployee_addEmployeeTest_byStatus_passed_PASS2_details')">addEmployeeTest()</a>
               </td>
               <td nowrap="true">06:20:39</td>
               <td nowrap="true" align="right">59s
                  
               </td>
               <td nowrap="true">
                   
                  
               </td>
            </tr>
            <tr>
               <td colspan="4" class="detailsBox">
                  <div id="com.orangehrm.testsuite.AddEmployee_addEmployeeTest_byStatus_passed_PASS2_details"
                       class="testMethodDetails">
                     <div>
                        <b>Name: </b>addEmployeeTest
                     </div>
                     <div>
                        <b>Signature: </b>addEmployeeTest()[pri:0, instance:com.orangehrm.testsuite.AddEmployee@17ce2804]
                     </div>
                     <div>
                        <b>Start time: </b>06:20:39
                     </div>
                     <div>
                        <b>End time: </b>06:21:38
                     </div>
                     <div>
                        <b>Duration: </b>59s
                        
                     </div>
                  </div>
               </td>
            </tr>
            <tr></tr>
            <tr id="com.orangehrm.testsuite.Login_loginTest_byStatus_passed_PASS3_row"
                class="testMethodStatusPASS">
               <td width="100%" class="firstMethodCell">
                  <a onclick="toggleDetailsVisibility('com.orangehrm.testsuite.Login_loginTest_byStatus_passed_PASS3_details')">loginTest(firefox)</a>
               </td>
               <td nowrap="true">06:20:00</td>
               <td nowrap="true" align="right">39s
                  
               </td>
               <td nowrap="true">
                   
                  
               </td>
            </tr>
            <tr>
               <td colspan="4" class="detailsBox">
                  <div id="com.orangehrm.testsuite.Login_loginTest_byStatus_passed_PASS3_details"
                       class="testMethodDetails">
                     <div>
                        <b>Name: </b>loginTest
                     </div>
                     <div>
                        <b>Signature: </b>loginTest(java.lang.String)[pri:0, instance:com.orangehrm.testsuite.Login@70a26301]
                     </div>
                     <div>
                        <b>Parameters: </b>
                        
                        firefox
                        
                        
                     </div>
                     <div>
                        <b>Start time: </b>06:20:00
                     </div>
                     <div>
                        <b>End time: </b>06:20:39
                     </div>
                     <div>
                        <b>Duration: </b>39s
                        
                     </div>
                  </div>
               </td>
            </tr>
            <tr></tr>
            <tr id="com.orangehrm.testsuite.TakeScreenshot_screenshtoTest_byStatus_skiped_SKIP1_row"
                class="testMethodStatusSKIP">
               <td width="100%" class="firstMethodCell">
                  <a onclick="toggleDetailsVisibility('com.orangehrm.testsuite.TakeScreenshot_screenshtoTest_byStatus_skiped_SKIP1_details')">screenshtoTest()</a>
               </td>
               <td nowrap="true">06:21:39</td>
               <td nowrap="true" align="right">75 ms
                  
               </td>
               <td nowrap="true">
                  <a onclick="toggleDetailsVisibility('com.orangehrm.testsuite.TakeScreenshot_screenshtoTest_byStatus_skiped_SKIP1_exception')">org.testng.SkipException: 
                     Screenshot test case skipped
                     
                  </a>
                   
                  
               </td>
            </tr>
            <tr>
               <td colspan="4" class="detailsBox">
                  <div id="com.orangehrm.testsuite.TakeScreenshot_screenshtoTest_byStatus_skiped_SKIP1_details"
                       class="testMethodDetails">
                     <div>
                        <b>Name: </b>screenshtoTest
                     </div>
                     <div>
                        <b>Signature: </b>screenshtoTest()[pri:0, instance:com.orangehrm.testsuite.TakeScreenshot@7703c25f]
                     </div>
                     <div>
                        <b>Start time: </b>06:21:39
                     </div>
                     <div>
                        <b>End time: </b>06:21:39
                     </div>
                     <div>
                        <b>Duration: </b>75 ms
                        
                     </div>
                  </div>
               </td>
            </tr>
            <tr>
               <td colspan="4" class="detailsBox">
                  <div id="com.orangehrm.testsuite.TakeScreenshot_screenshtoTest_byStatus_skiped_SKIP1_exception"
                       class="testMethodDetails">
                     <pre style="padding: 5px; margin: 0;">org.testng.SkipException: Screenshot test case skipped
                        	at com.orangehrm.testsuite.TakeScreenshot.screenshtoTest(TakeScreenshot.java:15)
                        	at sun.reflect.NativeMethodAccessorImpl.invoke0(Native Method)
                        	at sun.reflect.NativeMethodAccessorImpl.invoke(Unknown Source)
                        	at sun.reflect.DelegatingMethodAccessorImpl.invoke(Unknown Source)
                        	at java.lang.reflect.Method.invoke(Unknown Source)
                        	at org.testng.internal.MethodInvocationHelper.invokeMethod(MethodInvocationHelper.java:84)
                        	at org.testng.internal.Invoker.invokeMethod(Invoker.java:714)
                        	at org.testng.internal.Invoker.invokeTestMethod(Invoker.java:901)
                        	at org.testng.internal.Invoker.invokeTestMethods(Invoker.java:1231)
                        	at org.testng.internal.TestMethodWorker.invokeTestMethods(TestMethodWorker.java:127)
                        	at org.testng.internal.TestMethodWorker.run(TestMethodWorker.java:111)
                        	at org.testng.TestRunner.privateRun(TestRunner.java:767)
                        	at org.testng.TestRunner.run(TestRunner.java:617)
                        	at org.testng.SuiteRunner.runTest(SuiteRunner.java:334)
                        	at org.testng.SuiteRunner.access$000(SuiteRunner.java:37)
                        	at org.testng.SuiteRunner$SuiteWorker.run(SuiteRunner.java:368)
                        	at org.testng.internal.thread.ThreadUtil$2.call(ThreadUtil.java:64)
                        	at java.util.concurrent.FutureTask.run(Unknown Source)
                        	at java.util.concurrent.ThreadPoolExecutor.runWorker(Unknown Source)
                        	at java.util.concurrent.ThreadPoolExecutor$Worker.run(Unknown Source)
                        	at java.lang.Thread.run(Unknown Source)
                     </pre>
                  </div>
               </td>
            </tr>
         </table>
      </div>
      <div id="testMethodsByClass" style="display: none;">
         <table class="testMethodsTable" cellpadding="0" cellspacing="0">
            <tr>
               <td colspan="4">
                  <h3 style="display: inline;">com.orangehrm.testsuite.AddEmployee</h3>
               </td>
            </tr>
            <tr class="methodsTableHeader">
               <td width="100%">Name</td>
               <td nowrap="true">Started</td>
               <td nowrap="true">Duration</td>
               <td>Exception</td>
            </tr>
            <tr id="com.orangehrm.testsuite.AddEmployee_addEmployeeTest_byClass_PASS1_row"
                class="testMethodStatusPASS">
               <td width="100%" class="firstMethodCell">
                  <a onclick="toggleDetailsVisibility('com.orangehrm.testsuite.AddEmployee_addEmployeeTest_byClass_PASS1_details')">addEmployeeTest()</a>
               </td>
               <td nowrap="true">06:20:39</td>
               <td nowrap="true" align="right">59s
                  
               </td>
               <td nowrap="true">
                   
                  
               </td>
            </tr>
            <tr>
               <td colspan="4" class="detailsBox">
                  <div id="com.orangehrm.testsuite.AddEmployee_addEmployeeTest_byClass_PASS1_details"
                       class="testMethodDetails">
                     <div>
                        <b>Name: </b>addEmployeeTest
                     </div>
                     <div>
                        <b>Signature: </b>addEmployeeTest()[pri:0, instance:com.orangehrm.testsuite.AddEmployee@17ce2804]
                     </div>
                     <div>
                        <b>Start time: </b>06:20:39
                     </div>
                     <div>
                        <b>End time: </b>06:21:38
                     </div>
                     <div>
                        <b>Duration: </b>59s
                        
                     </div>
                  </div>
               </td>
            </tr>
            <tr></tr>
         </table>
         <br></br>
         <table class="testMethodsTable" cellpadding="0" cellspacing="0">
            <tr>
               <td colspan="4">
                  <h3 style="display: inline;">com.orangehrm.testsuite.Failure</h3>
               </td>
            </tr>
            <tr class="methodsTableHeader">
               <td width="100%">Name</td>
               <td nowrap="true">Started</td>
               <td nowrap="true">Duration</td>
               <td>Exception</td>
            </tr>
            <tr id="com.orangehrm.testsuite.Failure_failTest_byClass_FAIL1_row"
                class="testMethodStatusFAIL">
               <td width="100%" class="firstMethodCell">
                  <a onclick="toggleDetailsVisibility('com.orangehrm.testsuite.Failure_failTest_byClass_FAIL1_details')">failTest()</a>
               </td>
               <td nowrap="true">06:21:38</td>
               <td nowrap="true" align="right">505 ms
                  
               </td>
               <td nowrap="true">
                  <a onclick="toggleDetailsVisibility('com.orangehrm.testsuite.Failure_failTest_byClass_FAIL1_exception')">org.openqa.selenium.NoSuchElementException: 
                     Unable to locate element: {"method":"id","selector":"ABC"}
                     For documentation on this error, please visit: http://seleniumhq.org/exceptions/no_such_element.html
                     Build info: version: '2.47.1', revision: '411b314', time: '2015-07-30 03:03:16'
                     System info: host: 'sys', ip: '192.168.1.7', os.name: 'Windows 7', os.arch: 'amd64', os.version: '6.1', java.version: '1.7.0_55'
                     Driver info: driver.version: unknown
                     Command duration or timeout: 503 milliseconds
                     For documentation on this error, please visit: http://seleniumhq.org/exceptions/no_such_element.html
                     Build info: version: '2.47.1', revision: '411b314', time: '2015-07-30 03:03:16'
                     System info: host: 'sys', ip: '192.168.1.7', os.name: 'Windows 7', os.arch: 'amd64', os.version: '6.1', java.version: '1.7.0_55'
                     *** Element info: {Using=id, value=ABC}
                     Session ID: 9eb5593c-bc06-453f-a342-52c2c928319f
                     Driver info: org.openqa.selenium.remote.RemoteWebDriver
                     Capabilities [{platform=WINDOWS, javascriptEnabled=true, acceptSslCerts=true, browserName=firefox, rotatable=false, locationContextEnabled=true,
                     webdriver.remote.sessionid=9eb5593c-bc06-453f-a342-52c2c928319f, version=35.0.1, databaseEnabled=true, cssSelectorsEnabled=true,
                     handlesAlerts=true, webStorageEnabled=true, nativeEvents=false, applicationCacheEnabled=true, takesScreenshot=true}]
                     
                  </a>
                   
                  
               </td>
            </tr>
            <tr>
               <td colspan="4" class="detailsBox">
                  <div id="com.orangehrm.testsuite.Failure_failTest_byClass_FAIL1_details"
                       class="testMethodDetails">
                     <div>
                        <b>Name: </b>failTest
                     </div>
                     <div>
                        <b>Signature: </b>failTest()[pri:0, instance:com.orangehrm.testsuite.Failure@4563f0da]
                     </div>
                     <div>
                        <b>Start time: </b>06:21:38
                     </div>
                     <div>
                        <b>End time: </b>06:21:39
                     </div>
                     <div>
                        <b>Duration: </b>505 ms
                        
                     </div>
                  </div>
               </td>
            </tr>
            <tr>
               <td colspan="4" class="detailsBox">
                  <div id="com.orangehrm.testsuite.Failure_failTest_byClass_FAIL1_exception"
                       class="testMethodDetails">
                     <pre style="padding: 5px; margin: 0;">org.openqa.selenium.NoSuchElementException: Unable to locate element: {"method":"id","selector":"ABC"}
                        For documentation on this error, please visit: http://seleniumhq.org/exceptions/no_such_element.html
                        Build info: version: '2.47.1', revision: '411b314', time: '2015-07-30 03:03:16'
                        System info: host: 'sys', ip: '192.168.1.7', os.name: 'Windows 7', os.arch: 'amd64', os.version: '6.1', java.version: '1.7.0_55'
                        Driver info: driver.version: unknown
                        Command duration or timeout: 503 milliseconds
                        For documentation on this error, please visit: http://seleniumhq.org/exceptions/no_such_element.html
                        Build info: version: '2.47.1', revision: '411b314', time: '2015-07-30 03:03:16'
                        System info: host: 'sys', ip: '192.168.1.7', os.name: 'Windows 7', os.arch: 'amd64', os.version: '6.1', java.version: '1.7.0_55'
                        *** Element info: {Using=id, value=ABC}
                        Session ID: 9eb5593c-bc06-453f-a342-52c2c928319f
                        Driver info: org.openqa.selenium.remote.RemoteWebDriver
                        Capabilities [{platform=WINDOWS, javascriptEnabled=true, acceptSslCerts=true, browserName=firefox, rotatable=false, locationContextEnabled=true,
                        webdriver.remote.sessionid=9eb5593c-bc06-453f-a342-52c2c928319f, version=35.0.1, databaseEnabled=true, cssSelectorsEnabled=true,
                        handlesAlerts=true, webStorageEnabled=true, nativeEvents=false, applicationCacheEnabled=true, takesScreenshot=true}]
                        	at sun.reflect.NativeConstructorAccessorImpl.newInstance0(Native Method)
                        	at sun.reflect.NativeConstructorAccessorImpl.newInstance(Unknown Source)
                        	at sun.reflect.DelegatingConstructorAccessorImpl.newInstance(Unknown Source)
                        	at java.lang.reflect.Constructor.newInstance(Unknown Source)
                        	at org.openqa.selenium.remote.ErrorHandler.createThrowable(ErrorHandler.java:206)
                        	at org.openqa.selenium.remote.ErrorHandler.throwIfResponseFailed(ErrorHandler.java:158)
                        	at org.openqa.selenium.remote.RemoteWebDriver.execute(RemoteWebDriver.java:595)
                        	at org.openqa.selenium.remote.RemoteWebDriver.findElement(RemoteWebDriver.java:348)
                        	at org.openqa.selenium.remote.RemoteWebDriver.findElementById(RemoteWebDriver.java:389)
                        	at org.openqa.selenium.By$ById.findElement(By.java:215)
                        	at org.openqa.selenium.remote.RemoteWebDriver.findElement(RemoteWebDriver.java:340)
                        	at com.orangehrm.testsuite.Failure.failTest(Failure.java:10)
                        	at sun.reflect.NativeMethodAccessorImpl.invoke0(Native Method)
                        	at sun.reflect.NativeMethodAccessorImpl.invoke(Unknown Source)
                        	at sun.reflect.DelegatingMethodAccessorImpl.invoke(Unknown Source)
                        	at java.lang.reflect.Method.invoke(Unknown Source)
                        	at org.testng.internal.MethodInvocationHelper.invokeMethod(MethodInvocationHelper.java:84)
                        	at org.testng.internal.Invoker.invokeMethod(Invoker.java:714)
                        	at org.testng.internal.Invoker.invokeTestMethod(Invoker.java:901)
                        	at org.testng.internal.Invoker.invokeTestMethods(Invoker.java:1231)
                        	at org.testng.internal.TestMethodWorker.invokeTestMethods(TestMethodWorker.java:127)
                        	at org.testng.internal.TestMethodWorker.run(TestMethodWorker.java:111)
                        	at org.testng.TestRunner.privateRun(TestRunner.java:767)
                        	at org.testng.TestRunner.run(TestRunner.java:617)
                        	at org.testng.SuiteRunner.runTest(SuiteRunner.java:334)
                        	at org.testng.SuiteRunner.access$000(SuiteRunner.java:37)
                        	at org.testng.SuiteRunner$SuiteWorker.run(SuiteRunner.java:368)
                        	at org.testng.internal.thread.ThreadUtil$2.call(ThreadUtil.java:64)
                        	at java.util.concurrent.FutureTask.run(Unknown Source)
                        	at java.util.concurrent.ThreadPoolExecutor.runWorker(Unknown Source)
                        	at java.util.concurrent.ThreadPoolExecutor$Worker.run(Unknown Source)
                        	at java.lang.Thread.run(Unknown Source)
                        Caused by: org.openqa.selenium.remote.ScreenshotException: Screen shot has been taken
                        Build info: version: '2.47.1', revision: '411b314', time: '2015-07-30 03:03:16'
                        System info: host: 'sys', ip: '192.168.1.7', os.name: 'Windows 7', os.arch: 'amd64', os.version: '6.1', java.version: '1.7.0_55'
                        Driver info: driver.version: RemoteWebDriver
                        	at org.openqa.selenium.remote.ErrorHandler.throwIfResponseFailed(ErrorHandler.java:138)
                        	... 26 more
                        Caused by: org.openqa.selenium.NoSuchElementException: Unable to locate element: {"method":"id","selector":"ABC"}
                        For documentation on this error, please visit: http://seleniumhq.org/exceptions/no_such_element.html
                        Build info: version: '2.47.1', revision: '411b314', time: '2015-07-30 03:03:16'
                        System info: host: 'sys', ip: '192.168.1.7', os.name: 'Windows 7', os.arch: 'amd64', os.version: '6.1', java.version: '1.7.0_55'
                        Driver info: driver.version: unknown
                        For documentation on this error, please visit: http://seleniumhq.org/exceptions/no_such_element.html
                        Build info: version: '2.47.1', revision: '411b314', time: '2015-07-30 03:03:16'
                        System info: host: 'sys', ip: '192.168.1.7', os.name: 'Windows 7', os.arch: 'amd64', os.version: '6.1', java.version: '1.7.0_55'
                        Driver info: driver.version: unknown
                        	at &lt;anonymous class&gt;.FirefoxDriver.prototype.findElementInternal_(file:///C:/Users/sai/AppData/Local/Temp/anonymous7834253253265129188webdriver-profile/extensions/fxdriver@googlecode.com/components/driver-component.js:10667)
                        	at &lt;anonymous class&gt;.FirefoxDriver.prototype.findElement(file:///C:/Users/sai/AppData/Local/Temp/anonymous7834253253265129188webdriver-profile/extensions/fxdriver@googlecode.com/components/driver-component.js:10676)
                        	at &lt;anonymous class&gt;.DelayedCommand.prototype.executeInternal_/h(file:///C:/Users/sai/AppData/Local/Temp/anonymous7834253253265129188webdriver-profile/extensions/fxdriver@googlecode.com/components/command-processor.js:12643)
                        	at &lt;anonymous class&gt;.DelayedCommand.prototype.executeInternal_(file:///C:/Users/sai/AppData/Local/Temp/anonymous7834253253265129188webdriver-profile/extensions/fxdriver@googlecode.com/components/command-processor.js:12648)
                        	at &lt;anonymous class&gt;.DelayedCommand.prototype.execute/&lt;(file:///C:/Users/sai/AppData/Local/Temp/anonymous7834253253265129188webdriver-profile/extensions/fxdriver@googlecode.com/components/command-processor.js:12590)
                     </pre>
                  </div>
               </td>
            </tr>
         </table>
         <br></br>
         <table class="testMethodsTable" cellpadding="0" cellspacing="0">
            <tr>
               <td colspan="4">
                  <h3 style="display: inline;">com.orangehrm.testsuite.Login</h3>
               </td>
            </tr>
            <tr class="methodsTableHeader">
               <td width="100%">Name</td>
               <td nowrap="true">Started</td>
               <td nowrap="true">Duration</td>
               <td>Exception</td>
            </tr>
            <tr id="com.orangehrm.testsuite.Login_loginTest_byClass_PASS1_row"
                class="testMethodStatusPASS">
               <td width="100%" class="firstMethodCell">
                  <a onclick="toggleDetailsVisibility('com.orangehrm.testsuite.Login_loginTest_byClass_PASS1_details')">loginTest(firefox)</a>
               </td>
               <td nowrap="true">06:20:00</td>
               <td nowrap="true" align="right">39s
                  
               </td>
               <td nowrap="true">
                   
                  
               </td>
            </tr>
            <tr>
               <td colspan="4" class="detailsBox">
                  <div id="com.orangehrm.testsuite.Login_loginTest_byClass_PASS1_details"
                       class="testMethodDetails">
                     <div>
                        <b>Name: </b>loginTest
                     </div>
                     <div>
                        <b>Signature: </b>loginTest(java.lang.String)[pri:0, instance:com.orangehrm.testsuite.Login@70a26301]
                     </div>
                     <div>
                        <b>Parameters: </b>
                        
                        firefox
                        
                        
                     </div>
                     <div>
                        <b>Start time: </b>06:20:00
                     </div>
                     <div>
                        <b>End time: </b>06:20:39
                     </div>
                     <div>
                        <b>Duration: </b>39s
                        
                     </div>
                  </div>
               </td>
            </tr>
            <tr></tr>
         </table>
         <br></br>
         <table class="testMethodsTable" cellpadding="0" cellspacing="0">
            <tr>
               <td colspan="4">
                  <h3 style="display: inline;">com.orangehrm.testsuite.Logout</h3>
               </td>
            </tr>
            <tr class="methodsTableHeader">
               <td width="100%">Name</td>
               <td nowrap="true">Started</td>
               <td nowrap="true">Duration</td>
               <td>Exception</td>
            </tr>
            <tr id="com.orangehrm.testsuite.Logout_logoutTest_byClass_PASS1_row"
                class="testMethodStatusPASS">
               <td width="100%" class="firstMethodCell">
                  <a onclick="toggleDetailsVisibility('com.orangehrm.testsuite.Logout_logoutTest_byClass_PASS1_details')">logoutTest()</a>
               </td>
               <td nowrap="true">06:21:39</td>
               <td nowrap="true" align="right">858 ms
                  
               </td>
               <td nowrap="true">
                   
                  
               </td>
            </tr>
            <tr>
               <td colspan="4" class="detailsBox">
                  <div id="com.orangehrm.testsuite.Logout_logoutTest_byClass_PASS1_details"
                       class="testMethodDetails">
                     <div>
                        <b>Name: </b>logoutTest
                     </div>
                     <div>
                        <b>Signature: </b>logoutTest()[pri:0, instance:com.orangehrm.testsuite.Logout@24599bcd]
                     </div>
                     <div>
                        <b>Start time: </b>06:21:39
                     </div>
                     <div>
                        <b>End time: </b>06:21:39
                     </div>
                     <div>
                        <b>Duration: </b>858 ms
                        
                     </div>
                  </div>
               </td>
            </tr>
            <tr></tr>
         </table>
         <br></br>
         <table class="testMethodsTable" cellpadding="0" cellspacing="0">
            <tr>
               <td colspan="4">
                  <h3 style="display: inline;">com.orangehrm.testsuite.TakeScreenshot</h3>
               </td>
            </tr>
            <tr class="methodsTableHeader">
               <td width="100%">Name</td>
               <td nowrap="true">Started</td>
               <td nowrap="true">Duration</td>
               <td>Exception</td>
            </tr>
            <tr id="com.orangehrm.testsuite.TakeScreenshot_screenshtoTest_byClass_SKIP1_row"
                class="testMethodStatusSKIP">
               <td width="100%" class="firstMethodCell">
                  <a onclick="toggleDetailsVisibility('com.orangehrm.testsuite.TakeScreenshot_screenshtoTest_byClass_SKIP1_details')">screenshtoTest()</a>
               </td>
               <td nowrap="true">06:21:39</td>
               <td nowrap="true" align="right">75 ms
                  
               </td>
               <td nowrap="true">
                  <a onclick="toggleDetailsVisibility('com.orangehrm.testsuite.TakeScreenshot_screenshtoTest_byClass_SKIP1_exception')">org.testng.SkipException: 
                     Screenshot test case skipped
                     
                  </a>
                   
                  
               </td>
            </tr>
            <tr>
               <td colspan="4" class="detailsBox">
                  <div id="com.orangehrm.testsuite.TakeScreenshot_screenshtoTest_byClass_SKIP1_details"
                       class="testMethodDetails">
                     <div>
                        <b>Name: </b>screenshtoTest
                     </div>
                     <div>
                        <b>Signature: </b>screenshtoTest()[pri:0, instance:com.orangehrm.testsuite.TakeScreenshot@7703c25f]
                     </div>
                     <div>
                        <b>Start time: </b>06:21:39
                     </div>
                     <div>
                        <b>End time: </b>06:21:39
                     </div>
                     <div>
                        <b>Duration: </b>75 ms
                        
                     </div>
                  </div>
               </td>
            </tr>
            <tr>
               <td colspan="4" class="detailsBox">
                  <div id="com.orangehrm.testsuite.TakeScreenshot_screenshtoTest_byClass_SKIP1_exception"
                       class="testMethodDetails">
                     <pre style="padding: 5px; margin: 0;">org.testng.SkipException: Screenshot test case skipped
                        	at com.orangehrm.testsuite.TakeScreenshot.screenshtoTest(TakeScreenshot.java:15)
                        	at sun.reflect.NativeMethodAccessorImpl.invoke0(Native Method)
                        	at sun.reflect.NativeMethodAccessorImpl.invoke(Unknown Source)
                        	at sun.reflect.DelegatingMethodAccessorImpl.invoke(Unknown Source)
                        	at java.lang.reflect.Method.invoke(Unknown Source)
                        	at org.testng.internal.MethodInvocationHelper.invokeMethod(MethodInvocationHelper.java:84)
                        	at org.testng.internal.Invoker.invokeMethod(Invoker.java:714)
                        	at org.testng.internal.Invoker.invokeTestMethod(Invoker.java:901)
                        	at org.testng.internal.Invoker.invokeTestMethods(Invoker.java:1231)
                        	at org.testng.internal.TestMethodWorker.invokeTestMethods(TestMethodWorker.java:127)
                        	at org.testng.internal.TestMethodWorker.run(TestMethodWorker.java:111)
                        	at org.testng.TestRunner.privateRun(TestRunner.java:767)
                        	at org.testng.TestRunner.run(TestRunner.java:617)
                        	at org.testng.SuiteRunner.runTest(SuiteRunner.java:334)
                        	at org.testng.SuiteRunner.access$000(SuiteRunner.java:37)
                        	at org.testng.SuiteRunner$SuiteWorker.run(SuiteRunner.java:368)
                        	at org.testng.internal.thread.ThreadUtil$2.call(ThreadUtil.java:64)
                        	at java.util.concurrent.FutureTask.run(Unknown Source)
                        	at java.util.concurrent.ThreadPoolExecutor.runWorker(Unknown Source)
                        	at java.util.concurrent.ThreadPoolExecutor$Worker.run(Unknown Source)
                        	at java.lang.Thread.run(Unknown Source)
                     </pre>
                  </div>
               </td>
            </tr>
         </table>
         <br></br>
      </div>
      <div style="margin-top: 15px; color: gray; text-align: center; font-size: 9px;">
         Generated with
         
         <a href="http://code.google.com/p/testng-xslt/" style="color: #8888aa;"
            target="_blank">
            TestNG XSLT
            
         </a>
      </div>
   </body>
</html>